<?xml version="1.0" encoding="UTF-8"?>
<!-- Generated by org.testng.reporters.JUnitReportReporter -->
<testsuite hostname="DESKTOP-LLUBDUR" name="Academy.HomePage" tests="2" failures="0" timestamp="7 Apr 2019 07:03:23 GMT" time="141.820" errors="0">
  <testcase name="basePageNavigation" time="68.741" classname="Academy.HomePage"/>
  <testcase name="basePageNavigation" time="73.079" classname="Academy.HomePage"/>
</testsuite> <!-- Academy.HomePage -->
