<?xml version="1.0" encoding="UTF-8"?>
<!-- Generated by org.testng.reporters.JUnitReportReporter -->
<testsuite hostname="DESKTOP-LLUBDUR" name="Academy.verifyKrctc" tests="1" failures="0" timestamp="14 May 2019 18:12:05 GMT" time="1.141" errors="0">
  <testcase name="veriifykrctc" time="1.141" classname="Academy.verifyKrctc"/>
</testsuite> <!-- Academy.verifyKrctc -->
