<?xml version="1.0" encoding="UTF-8"?>
<!-- Generated by org.testng.reporters.JUnitReportReporter -->
<testsuite hostname="DESKTOP-LLUBDUR" name="Academy.staticDropDown" tests="1" failures="0" timestamp="19 May 2019 08:48:51 GMT" time="0.468" errors="0">
  <testcase name="staticdropdown" time="0.468" classname="Academy.staticDropDown"/>
</testsuite> <!-- Academy.staticDropDown -->
