<?xml version="1.0" encoding="UTF-8"?>
<!-- Generated by org.testng.reporters.JUnitReportReporter -->
<testsuite hostname="DESKTOP-LLUBDUR" name="Academy.verifyAmazonSign" tests="1" failures="0" timestamp="12 May 2019 08:48:55 GMT" time="10.351" errors="0">
  <testcase name="verifyAmazon" time="10.351" classname="Academy.verifyAmazonSign"/>
</testsuite> <!-- Academy.verifyAmazonSign -->
