<?xml version="1.0" encoding="UTF-8"?>
<!-- Generated by org.testng.reporters.JUnitReportReporter -->
<testsuite hostname="DESKTOP-LLUBDUR" name="Academy.HomePage" tests="2" failures="0" timestamp="7 Apr 2019 06:55:45 GMT" time="112.090" errors="0">
  <testcase name="basePageNavigation" time="50.201" classname="Academy.HomePage"/>
  <testcase name="basePageNavigation" time="61.889" classname="Academy.HomePage"/>
</testsuite> <!-- Academy.HomePage -->
