<?xml version="1.0" encoding="UTF-8"?>
<!-- Generated by org.testng.reporters.JUnitReportReporter -->
<testsuite hostname="DESKTOP-LLUBDUR" name="Academy.ScrollUntillElement" tests="1" failures="0" timestamp="18 May 2019 10:55:57 GMT" time="1.293" errors="0">
  <testcase name="intializer" time="1.293" classname="Academy.ScrollUntillElement"/>
</testsuite> <!-- Academy.ScrollUntillElement -->
