<?xml version="1.0" encoding="UTF-8"?>
<!-- Generated by org.testng.reporters.JUnitReportReporter -->
<testsuite hostname="DESKTOP-LLUBDUR" name="Academy.ScrollTest" tests="1" failures="0" timestamp="18 May 2019 10:15:02 GMT" time="0.870" errors="0">
  <testcase name="checkScroll" time="0.870" classname="Academy.ScrollTest"/>
</testsuite> <!-- Academy.ScrollTest -->
